{"C:\\Utilisateurs\\a503018\\Documents\\workspaces\\perso\\angularjs-eslint\\rules\\ng_angularelement.js":{"path":"C:\\Utilisateurs\\a503018\\Documents\\workspaces\\perso\\angularjs-eslint\\rules\\ng_angularelement.js","s":{"1":1,"2":3,"3":3,"4":2},"b":{"1":[2,1],"2":[3,2]},"f":{"1":3,"2":3},"fnMap":{"1":{"name":"(anonymous_1)","line":1,"loc":{"start":{"line":1,"column":17},"end":{"line":1,"column":35}}},"2":{"name":"(anonymous_2)","line":10,"loc":{"start":{"line":10,"column":26},"end":{"line":10,"column":41}}}},"statementMap":{"1":{"start":{"line":1,"column":0},"end":{"line":18,"column":2}},"2":{"start":{"line":8,"column":4},"end":{"line":16,"column":6}},"3":{"start":{"line":11,"column":12},"end":{"line":13,"column":13}},"4":{"start":{"line":12,"column":16},"end":{"line":12,"column":106}}},"branchMap":{"1":{"line":11,"type":"if","locations":[{"start":{"line":11,"column":12},"end":{"line":11,"column":12}},{"start":{"line":11,"column":12},"end":{"line":11,"column":12}}]},"2":{"line":11,"type":"binary-expr","locations":[{"start":{"line":11,"column":15},"end":{"line":11,"column":39}},{"start":{"line":11,"column":43},"end":{"line":11,"column":72}}]}}}}